2022-10-31 12:29:26,017 INFO o.s.b.StartupInfoLogger [restartedMain] Starting Temple1SpringBootApplication on LAPTOP-8T96NHL7 with PID 13464 (C:\Users\HP\eclipse-workspace\Temple1SpringBoot\target\classes started by HP in C:\Users\HP\eclipse-workspace\Temple1SpringBoot)
2022-10-31 12:29:26,026 INFO o.s.b.SpringApplication [restartedMain] No active profile set, falling back to default profiles: default
2022-10-31 12:29:26,063 INFO o.s.b.l.DeferredLog [restartedMain] The Class-Path manifest attribute in C:\Users\HP\.m2\repository\org\glassfish\jaxb\jaxb-runtime\2.3.2\jaxb-runtime-2.3.2.jar referenced one or more files that do not exist: file:/C:/Users/HP/.m2/repository/org/glassfish/jaxb/jaxb-runtime/2.3.2/jakarta.xml.bind-api-2.3.2.jar,file:/C:/Users/HP/.m2/repository/org/glassfish/jaxb/jaxb-runtime/2.3.2/txw2-2.3.2.jar,file:/C:/Users/HP/.m2/repository/org/glassfish/jaxb/jaxb-runtime/2.3.2/istack-commons-runtime-3.0.8.jar,file:/C:/Users/HP/.m2/repository/org/glassfish/jaxb/jaxb-runtime/2.3.2/stax-ex-1.8.1.jar,file:/C:/Users/HP/.m2/repository/org/glassfish/jaxb/jaxb-runtime/2.3.2/FastInfoset-1.2.16.jar,file:/C:/Users/HP/.m2/repository/org/glassfish/jaxb/jaxb-runtime/2.3.2/jakarta.activation-api-1.2.1.jar
2022-10-31 12:29:26,064 INFO o.s.b.l.DeferredLog [restartedMain] Devtools property defaults active! Set 'spring.devtools.add-properties' to 'false' to disable
2022-10-31 12:29:26,064 INFO o.s.b.l.DeferredLog [restartedMain] For additional web related logging consider setting the 'logging.level.web' property to 'DEBUG'
2022-10-31 12:29:26,521 INFO o.s.d.r.c.RepositoryConfigurationDelegate [restartedMain] Bootstrapping Spring Data JPA repositories in DEFAULT mode.
2022-10-31 12:29:27,549 INFO o.s.d.r.c.RepositoryConfigurationDelegate [restartedMain] Finished Spring Data repository scanning in 1023ms. Found 9 JPA repository interfaces.
2022-10-31 12:29:27,971 INFO o.s.c.s.PostProcessorRegistrationDelegate$BeanPostProcessorChecker [restartedMain] Bean 'org.springframework.transaction.annotation.ProxyTransactionManagementConfiguration' of type [org.springframework.transaction.annotation.ProxyTransactionManagementConfiguration] is not eligible for getting processed by all BeanPostProcessors (for example: not eligible for auto-proxying)
2022-10-31 12:29:28,163 INFO o.s.b.w.e.t.TomcatWebServer [restartedMain] Tomcat initialized with port(s): 8090 (http)
2022-10-31 12:29:28,172 INFO o.a.j.l.DirectJDKLog [restartedMain] Initializing ProtocolHandler ["http-nio-8090"]
2022-10-31 12:29:28,173 INFO o.a.j.l.DirectJDKLog [restartedMain] Starting service [Tomcat]
2022-10-31 12:29:28,174 INFO o.a.j.l.DirectJDKLog [restartedMain] Starting Servlet engine: [Apache Tomcat/9.0.30]
2022-10-31 12:29:28,278 INFO o.a.j.l.DirectJDKLog [restartedMain] Initializing Spring embedded WebApplicationContext
2022-10-31 12:29:28,279 INFO o.s.b.w.s.c.ServletWebServerApplicationContext [restartedMain] Root WebApplicationContext: initialization completed in 2215 ms
2022-10-31 12:29:28,422 INFO o.h.j.i.u.LogHelper [restartedMain] HHH000204: Processing PersistenceUnitInfo [name: default]
2022-10-31 12:29:28,471 INFO o.h.Version [restartedMain] HHH000412: Hibernate Core {5.4.10.Final}
2022-10-31 12:29:28,562 INFO o.h.a.c.r.j.JavaReflectionManager [restartedMain] HCANN000001: Hibernate Commons Annotations {5.1.0.Final}
2022-10-31 12:29:28,634 INFO c.z.h.HikariDataSource [restartedMain] HikariPool-1 - Starting...
2022-10-31 12:29:29,061 INFO c.z.h.p.PoolBase [restartedMain] HikariPool-1 - Driver does not support get/set network timeout for connections. (Receiver class oracle.jdbc.driver.T4CConnection does not define or inherit an implementation of the resolved method abstract getNetworkTimeout()I of interface java.sql.Connection.)
2022-10-31 12:29:29,065 INFO c.z.h.HikariDataSource [restartedMain] HikariPool-1 - Start completed.
2022-10-31 12:29:29,082 INFO o.h.d.Dialect [restartedMain] HHH000400: Using dialect: org.hibernate.dialect.Oracle10gDialect
2022-10-31 12:29:29,972 INFO o.h.e.t.j.p.i.JtaPlatformInitiator [restartedMain] HHH000490: Using JtaPlatform implementation: [org.hibernate.engine.transaction.jta.platform.internal.NoJtaPlatform]
2022-10-31 12:29:29,979 INFO o.s.o.j.AbstractEntityManagerFactoryBean [restartedMain] Initialized JPA EntityManagerFactory for persistence unit 'default'
2022-10-31 12:29:30,012 INFO o.s.b.d.a.OptionalLiveReloadServer [restartedMain] LiveReload server is running on port 35729
2022-10-31 12:29:30,508 WARN o.s.b.a.o.j.JpaBaseConfiguration$JpaWebConfiguration [restartedMain] spring.jpa.open-in-view is enabled by default. Therefore, database queries may be performed during view rendering. Explicitly configure spring.jpa.open-in-view to disable this warning
2022-10-31 12:29:30,641 INFO o.s.s.w.DefaultSecurityFilterChain [restartedMain] Creating filter chain: any request, [org.springframework.security.web.context.request.async.WebAsyncManagerIntegrationFilter@50336ec2, org.springframework.security.web.context.SecurityContextPersistenceFilter@2922c4d8, org.springframework.security.web.header.HeaderWriterFilter@7ce0a521, org.springframework.security.web.authentication.logout.LogoutFilter@9b5630b, org.springframework.security.web.authentication.UsernamePasswordAuthenticationFilter@5ee6f1f2, org.springframework.security.web.authentication.ui.DefaultLoginPageGeneratingFilter@44706dc7, org.springframework.security.web.authentication.ui.DefaultLogoutPageGeneratingFilter@1bb2f01d, org.springframework.security.web.authentication.www.BasicAuthenticationFilter@76ef67e3, org.springframework.security.web.savedrequest.RequestCacheAwareFilter@10dbdc6f, org.springframework.security.web.servletapi.SecurityContextHolderAwareRequestFilter@2cff549b, org.springframework.security.web.authentication.AnonymousAuthenticationFilter@5be751a1, org.springframework.security.web.session.SessionManagementFilter@aff2f36, org.springframework.security.web.access.ExceptionTranslationFilter@46360930, org.springframework.security.web.access.intercept.FilterSecurityInterceptor@2e6dfae4]
2022-10-31 12:29:30,726 INFO o.s.s.c.ExecutorConfigurationSupport [restartedMain] Initializing ExecutorService 'applicationTaskExecutor'
2022-10-31 12:29:31,299 INFO o.a.j.l.DirectJDKLog [restartedMain] Starting ProtocolHandler ["http-nio-8090"]
2022-10-31 12:29:31,329 INFO o.s.b.w.e.t.TomcatWebServer [restartedMain] Tomcat started on port(s): 8090 (http) with context path ''
2022-10-31 12:29:31,330 INFO o.s.b.StartupInfoLogger [restartedMain] Started Temple1SpringBootApplication in 5.563 seconds (JVM running for 7.055)
2022-10-31 12:39:10,845 INFO o.a.j.l.DirectJDKLog [http-nio-8090-exec-2] Initializing Spring DispatcherServlet 'dispatcherServlet'
2022-10-31 12:39:10,845 INFO o.s.w.s.FrameworkServlet [http-nio-8090-exec-2] Initializing Servlet 'dispatcherServlet'
2022-10-31 12:39:10,854 INFO o.s.w.s.FrameworkServlet [http-nio-8090-exec-2] Completed initialization in 8 ms
2022-10-31 12:39:15,814 INFO c.t.s.BookingServiceImpl [http-nio-8090-exec-2] Booking Successfull
2022-10-31 12:39:15,815 INFO c.t.c.BookingController [http-nio-8090-exec-2] Booking record added successfully
2022-10-31 14:31:13,489 WARN c.z.h.p.HikariPool$HouseKeeper [HikariPool-1 housekeeper] HikariPool-1 - Thread starvation or clock leap detected (housekeeper delta=1m12s281ms720µs600ns).
2022-10-31 14:57:11,677 WARN c.z.h.p.HikariPool$HouseKeeper [HikariPool-1 housekeeper] HikariPool-1 - Thread starvation or clock leap detected (housekeeper delta=3m57s766ms583µs300ns).
2022-10-31 15:51:00,310 WARN c.z.h.p.HikariPool$HouseKeeper [HikariPool-1 housekeeper] HikariPool-1 - Thread starvation or clock leap detected (housekeeper delta=14m17s963ms282µs300ns).
2022-10-31 16:36:13,343 WARN c.z.h.p.HikariPool$HouseKeeper [HikariPool-1 housekeeper] HikariPool-1 - Thread starvation or clock leap detected (housekeeper delta=25m12s667ms752µs800ns).
2022-10-31 18:14:08,728 INFO o.s.b.a.SpringApplicationAdminMXBeanRegistrar$SpringApplicationAdmin [RMI TCP Connection(306)-127.0.0.1] Application shutdown requested.
2022-10-31 18:14:08,889 INFO o.s.s.c.ExecutorConfigurationSupport [RMI TCP Connection(306)-127.0.0.1] Shutting down ExecutorService 'applicationTaskExecutor'
2022-10-31 18:14:08,919 INFO o.s.o.j.AbstractEntityManagerFactoryBean [RMI TCP Connection(306)-127.0.0.1] Closing JPA EntityManagerFactory for persistence unit 'default'
2022-10-31 18:14:09,144 INFO c.z.h.HikariDataSource [RMI TCP Connection(306)-127.0.0.1] HikariPool-1 - Shutdown initiated...
2022-10-31 18:14:09,196 INFO c.z.h.HikariDataSource [RMI TCP Connection(306)-127.0.0.1] HikariPool-1 - Shutdown completed.
